Master process running on gpu16
Directory is /data/sgoswam4/Time-stepper/FitzHugh-Nagumo/fno_multiparameter
Starting execution at Tue Nov 26 18:01:26 EST 2024
Current PATH is /data/apps/linux-centos8-cascadelake/gcc-9.3.0/git-2.28.0-uh6lz2zi2m3rwkfujclkz2qrtm6awu6s/bin:/data/apps/linux-centos8-cascadelake/gcc-9.3.0/openmpi-3.1.6-rk3nyoehbq3pke4zy4hn7unns3ujtutx/bin:/data/apps/linux-centos8-cascadelake/gcc-9.2.0/gcc-9.3.0-bnvby67rgbqevwsd264rgz44xucnkhpm/bin:/data/apps/extern/python/envs/jupyterlab/3.4.5/bin:/data/apps/extern/spack_on/gcc/9.3.0/lua/5.4.4-njaqalolk5jksjkvmuvz5dz3hsfkzofi/bin:/data/apps/helpers:/cm/shared/apps/slurm/current/sbin:/cm/shared/apps/slurm/current/bin:/home/sgoswam4/.local/bin:/home/sgoswam4/bin:/usr/local/bin:/usr/bin:/usr/local/sbin:/usr/sbin
Epoch: 0, time: 4.143, Train Loss: 9.892e-01, Test Loss: 0.0002
Epoch: 1, time: 4.028, Train Loss: 9.811e-01, Test Loss: 0.0002
Epoch: 2, time: 3.860, Train Loss: 9.737e-01, Test Loss: 0.0002
Epoch: 3, time: 3.976, Train Loss: 9.656e-01, Test Loss: 0.0002
Epoch: 4, time: 3.863, Train Loss: 9.562e-01, Test Loss: 0.0002
Epoch: 5, time: 3.963, Train Loss: 9.458e-01, Test Loss: 0.0002
Epoch: 6, time: 3.937, Train Loss: 9.331e-01, Test Loss: 0.0002
Epoch: 7, time: 3.875, Train Loss: 9.175e-01, Test Loss: 0.0002
Epoch: 8, time: 3.953, Train Loss: 8.993e-01, Test Loss: 0.0002
Epoch: 9, time: 3.944, Train Loss: 8.795e-01, Test Loss: 0.0002
Epoch: 10, time: 3.852, Train Loss: 8.574e-01, Test Loss: 0.0002
Epoch: 11, time: 3.980, Train Loss: 8.318e-01, Test Loss: 0.0002
Epoch: 12, time: 3.981, Train Loss: 8.009e-01, Test Loss: 0.0002
Epoch: 13, time: 3.915, Train Loss: 7.655e-01, Test Loss: 0.0002
Epoch: 14, time: 3.918, Train Loss: 7.249e-01, Test Loss: 0.0002
Epoch: 15, time: 3.884, Train Loss: 6.784e-01, Test Loss: 0.0002
Epoch: 16, time: 3.906, Train Loss: 6.256e-01, Test Loss: 0.0001
Epoch: 17, time: 3.968, Train Loss: 5.654e-01, Test Loss: 0.0001
Epoch: 18, time: 3.917, Train Loss: 4.977e-01, Test Loss: 0.0001
Epoch: 19, time: 3.982, Train Loss: 4.234e-01, Test Loss: 0.0001
Epoch: 20, time: 3.932, Train Loss: 3.455e-01, Test Loss: 0.0001
Epoch: 21, time: 3.845, Train Loss: 2.691e-01, Test Loss: 0.0000
Epoch: 22, time: 3.931, Train Loss: 2.013e-01, Test Loss: 0.0000
Epoch: 23, time: 3.827, Train Loss: 1.511e-01, Test Loss: 0.0000
Epoch: 24, time: 3.952, Train Loss: 1.267e-01, Test Loss: 0.0000
Epoch: 25, time: 3.949, Train Loss: 1.259e-01, Test Loss: 0.0000
Epoch: 26, time: 3.876, Train Loss: 1.355e-01, Test Loss: 0.0000
Epoch: 27, time: 3.969, Train Loss: 1.422e-01, Test Loss: 0.0000
Epoch: 28, time: 3.927, Train Loss: 1.389e-01, Test Loss: 0.0000
Epoch: 29, time: 3.897, Train Loss: 1.253e-01, Test Loss: 0.0000
Epoch: 30, time: 3.974, Train Loss: 1.065e-01, Test Loss: 0.0000
Epoch: 31, time: 3.927, Train Loss: 8.919e-02, Test Loss: 0.0000
Epoch: 32, time: 3.864, Train Loss: 7.806e-02, Test Loss: 0.0000
Epoch: 33, time: 4.013, Train Loss: 7.387e-02, Test Loss: 0.0000
Epoch: 34, time: 3.900, Train Loss: 7.490e-02, Test Loss: 0.0000
Epoch: 35, time: 3.940, Train Loss: 7.862e-02, Test Loss: 0.0000
Epoch: 36, time: 3.967, Train Loss: 8.260e-02, Test Loss: 0.0000
Epoch: 37, time: 3.873, Train Loss: 8.502e-02, Test Loss: 0.0000
Epoch: 38, time: 3.942, Train Loss: 8.482e-02, Test Loss: 0.0000
Epoch: 39, time: 3.933, Train Loss: 8.172e-02, Test Loss: 0.0000
Epoch: 40, time: 3.862, Train Loss: 7.613e-02, Test Loss: 0.0000
Epoch: 41, time: 3.956, Train Loss: 6.889e-02, Test Loss: 0.0000
Epoch: 42, time: 3.874, Train Loss: 6.111e-02, Test Loss: 0.0000
Epoch: 43, time: 3.974, Train Loss: 5.411e-02, Test Loss: 0.0000
Epoch: 44, time: 3.988, Train Loss: 4.905e-02, Test Loss: 0.0000
Epoch: 45, time: 3.861, Train Loss: 4.668e-02, Test Loss: 0.0000
Epoch: 46, time: 3.930, Train Loss: 4.698e-02, Test Loss: 0.0000
Epoch: 47, time: 3.978, Train Loss: 4.902e-02, Test Loss: 0.0000
Epoch: 48, time: 3.917, Train Loss: 5.132e-02, Test Loss: 0.0000
Epoch: 49, time: 3.937, Train Loss: 5.250e-02, Test Loss: 0.0000
Epoch: 50, time: 3.943, Train Loss: 5.186e-02, Test Loss: 0.0000
Epoch: 51, time: 3.894, Train Loss: 5.067e-02, Test Loss: 0.0000
Epoch: 52, time: 3.975, Train Loss: 4.887e-02, Test Loss: 0.0000
Epoch: 53, time: 3.886, Train Loss: 4.680e-02, Test Loss: 0.0000
Epoch: 54, time: 3.948, Train Loss: 4.481e-02, Test Loss: 0.0000
Epoch: 55, time: 3.959, Train Loss: 4.314e-02, Test Loss: 0.0000
Epoch: 56, time: 3.874, Train Loss: 4.194e-02, Test Loss: 0.0000
Epoch: 57, time: 3.941, Train Loss: 4.125e-02, Test Loss: 0.0000
Epoch: 58, time: 3.977, Train Loss: 4.099e-02, Test Loss: 0.0000
Epoch: 59, time: 3.859, Train Loss: 4.103e-02, Test Loss: 0.0000
Epoch: 60, time: 3.947, Train Loss: 4.122e-02, Test Loss: 0.0000
Epoch: 61, time: 3.925, Train Loss: 4.143e-02, Test Loss: 0.0000
Epoch: 62, time: 3.954, Train Loss: 4.152e-02, Test Loss: 0.0000
Epoch: 63, time: 3.944, Train Loss: 4.145e-02, Test Loss: 0.0000
Epoch: 64, time: 3.872, Train Loss: 4.120e-02, Test Loss: 0.0000
Epoch: 65, time: 4.017, Train Loss: 4.077e-02, Test Loss: 0.0000
Epoch: 66, time: 3.962, Train Loss: 4.024e-02, Test Loss: 0.0000
Epoch: 67, time: 3.862, Train Loss: 3.966e-02, Test Loss: 0.0000
Epoch: 68, time: 3.943, Train Loss: 3.910e-02, Test Loss: 0.0000
Epoch: 69, time: 3.973, Train Loss: 3.861e-02, Test Loss: 0.0000
Epoch: 70, time: 3.872, Train Loss: 3.822e-02, Test Loss: 0.0000
Epoch: 71, time: 3.938, Train Loss: 3.793e-02, Test Loss: 0.0000
Epoch: 72, time: 3.858, Train Loss: 3.774e-02, Test Loss: 0.0000
Epoch: 73, time: 3.924, Train Loss: 3.760e-02, Test Loss: 0.0000
Epoch: 74, time: 3.948, Train Loss: 3.749e-02, Test Loss: 0.0000
Epoch: 75, time: 3.877, Train Loss: 3.736e-02, Test Loss: 0.0000
Epoch: 76, time: 3.939, Train Loss: 3.719e-02, Test Loss: 0.0000
Epoch: 77, time: 3.951, Train Loss: 3.698e-02, Test Loss: 0.0000
Epoch: 78, time: 3.896, Train Loss: 3.674e-02, Test Loss: 0.0000
Epoch: 79, time: 3.950, Train Loss: 3.648e-02, Test Loss: 0.0000
Epoch: 80, time: 3.863, Train Loss: 3.623e-02, Test Loss: 0.0000
Epoch: 81, time: 3.943, Train Loss: 3.600e-02, Test Loss: 0.0000
Epoch: 82, time: 3.963, Train Loss: 3.580e-02, Test Loss: 0.0000
Epoch: 83, time: 3.871, Train Loss: 3.564e-02, Test Loss: 0.0000
Epoch: 84, time: 3.955, Train Loss: 3.549e-02, Test Loss: 0.0000
Epoch: 85, time: 3.952, Train Loss: 3.535e-02, Test Loss: 0.0000
Epoch: 86, time: 3.877, Train Loss: 3.521e-02, Test Loss: 0.0000
Epoch: 87, time: 3.927, Train Loss: 3.505e-02, Test Loss: 0.0000
Epoch: 88, time: 3.927, Train Loss: 3.489e-02, Test Loss: 0.0000
Epoch: 89, time: 3.890, Train Loss: 3.471e-02, Test Loss: 0.0000
Epoch: 90, time: 3.982, Train Loss: 3.454e-02, Test Loss: 0.0000
Epoch: 91, time: 3.938, Train Loss: 3.438e-02, Test Loss: 0.0000
Epoch: 92, time: 3.968, Train Loss: 3.422e-02, Test Loss: 0.0000
Epoch: 93, time: 3.951, Train Loss: 3.407e-02, Test Loss: 0.0000
Epoch: 94, time: 3.883, Train Loss: 3.394e-02, Test Loss: 0.0000
Epoch: 95, time: 3.943, Train Loss: 3.381e-02, Test Loss: 0.0000
Epoch: 96, time: 3.951, Train Loss: 3.368e-02, Test Loss: 0.0000
Epoch: 97, time: 3.881, Train Loss: 3.354e-02, Test Loss: 0.0000
Epoch: 98, time: 3.966, Train Loss: 3.341e-02, Test Loss: 0.0000
Epoch: 99, time: 3.909, Train Loss: 3.327e-02, Test Loss: 0.0000
Epoch: 100, time: 3.928, Train Loss: 3.312e-02, Test Loss: 0.0000
Epoch: 101, time: 3.935, Train Loss: 3.305e-02, Test Loss: 0.0000
Epoch: 102, time: 3.860, Train Loss: 3.297e-02, Test Loss: 0.0000
Epoch: 103, time: 3.942, Train Loss: 3.290e-02, Test Loss: 0.0000
Epoch: 104, time: 3.937, Train Loss: 3.283e-02, Test Loss: 0.0000
Epoch: 105, time: 3.888, Train Loss: 3.276e-02, Test Loss: 0.0000
Epoch: 106, time: 3.945, Train Loss: 3.269e-02, Test Loss: 0.0000
Epoch: 107, time: 3.930, Train Loss: 3.262e-02, Test Loss: 0.0000
Epoch: 108, time: 3.922, Train Loss: 3.255e-02, Test Loss: 0.0000
Epoch: 109, time: 3.979, Train Loss: 3.249e-02, Test Loss: 0.0000
Epoch: 110, time: 3.896, Train Loss: 3.242e-02, Test Loss: 0.0000
Epoch: 111, time: 3.988, Train Loss: 3.236e-02, Test Loss: 0.0000
Epoch: 112, time: 3.948, Train Loss: 3.229e-02, Test Loss: 0.0000
Epoch: 113, time: 3.883, Train Loss: 3.223e-02, Test Loss: 0.0000
Epoch: 114, time: 3.930, Train Loss: 3.216e-02, Test Loss: 0.0000
Epoch: 115, time: 3.967, Train Loss: 3.209e-02, Test Loss: 0.0000
Epoch: 116, time: 3.885, Train Loss: 3.202e-02, Test Loss: 0.0000
Epoch: 117, time: 3.950, Train Loss: 3.195e-02, Test Loss: 0.0000
Epoch: 118, time: 3.865, Train Loss: 3.189e-02, Test Loss: 0.0000
Epoch: 119, time: 3.941, Train Loss: 3.182e-02, Test Loss: 0.0000
Epoch: 120, time: 3.990, Train Loss: 3.175e-02, Test Loss: 0.0000
Epoch: 121, time: 3.869, Train Loss: 3.168e-02, Test Loss: 0.0000
Epoch: 122, time: 3.972, Train Loss: 3.162e-02, Test Loss: 0.0000
Epoch: 123, time: 3.993, Train Loss: 3.155e-02, Test Loss: 0.0000
Epoch: 124, time: 3.887, Train Loss: 3.148e-02, Test Loss: 0.0000
Epoch: 125, time: 3.957, Train Loss: 3.142e-02, Test Loss: 0.0000
Epoch: 126, time: 3.926, Train Loss: 3.135e-02, Test Loss: 0.0000
Epoch: 127, time: 3.904, Train Loss: 3.128e-02, Test Loss: 0.0000
Epoch: 128, time: 3.942, Train Loss: 3.122e-02, Test Loss: 0.0000
Epoch: 129, time: 3.871, Train Loss: 3.115e-02, Test Loss: 0.0000
Epoch: 130, time: 3.940, Train Loss: 3.108e-02, Test Loss: 0.0000
Epoch: 131, time: 3.952, Train Loss: 3.101e-02, Test Loss: 0.0000
Epoch: 132, time: 3.908, Train Loss: 3.095e-02, Test Loss: 0.0000
Epoch: 133, time: 3.994, Train Loss: 3.088e-02, Test Loss: 0.0000
Epoch: 134, time: 3.926, Train Loss: 3.082e-02, Test Loss: 0.0000
Epoch: 135, time: 3.899, Train Loss: 3.075e-02, Test Loss: 0.0000
Epoch: 136, time: 3.962, Train Loss: 3.068e-02, Test Loss: 0.0000
Epoch: 137, time: 3.864, Train Loss: 3.062e-02, Test Loss: 0.0000
Epoch: 138, time: 3.933, Train Loss: 3.055e-02, Test Loss: 0.0000
Epoch: 139, time: 3.981, Train Loss: 3.049e-02, Test Loss: 0.0000
Epoch: 140, time: 3.889, Train Loss: 3.042e-02, Test Loss: 0.0000
Epoch: 141, time: 3.978, Train Loss: 3.036e-02, Test Loss: 0.0000
Epoch: 142, time: 3.954, Train Loss: 3.029e-02, Test Loss: 0.0000
Epoch: 143, time: 3.867, Train Loss: 3.023e-02, Test Loss: 0.0000
Epoch: 144, time: 3.939, Train Loss: 3.017e-02, Test Loss: 0.0000
Epoch: 145, time: 3.966, Train Loss: 3.010e-02, Test Loss: 0.0000
Epoch: 146, time: 3.915, Train Loss: 3.004e-02, Test Loss: 0.0000
Epoch: 147, time: 3.933, Train Loss: 2.998e-02, Test Loss: 0.0000
Epoch: 148, time: 3.867, Train Loss: 2.991e-02, Test Loss: 0.0000
Epoch: 149, time: 3.942, Train Loss: 2.985e-02, Test Loss: 0.0000
Epoch: 150, time: 3.966, Train Loss: 2.979e-02, Test Loss: 0.0000
Epoch: 151, time: 3.867, Train Loss: 2.976e-02, Test Loss: 0.0000
Epoch: 152, time: 3.925, Train Loss: 2.973e-02, Test Loss: 0.0000
Epoch: 153, time: 3.948, Train Loss: 2.970e-02, Test Loss: 0.0000
Epoch: 154, time: 3.871, Train Loss: 2.967e-02, Test Loss: 0.0000
Epoch: 155, time: 3.982, Train Loss: 2.964e-02, Test Loss: 0.0000
Epoch: 156, time: 3.865, Train Loss: 2.961e-02, Test Loss: 0.0000
Epoch: 157, time: 3.937, Train Loss: 2.958e-02, Test Loss: 0.0000
Epoch: 158, time: 3.960, Train Loss: 2.955e-02, Test Loss: 0.0000
Epoch: 159, time: 3.916, Train Loss: 2.952e-02, Test Loss: 0.0000
Epoch: 160, time: 3.999, Train Loss: 2.949e-02, Test Loss: 0.0000
Epoch: 161, time: 3.962, Train Loss: 2.946e-02, Test Loss: 0.0000
Epoch: 162, time: 3.886, Train Loss: 2.943e-02, Test Loss: 0.0000
Epoch: 163, time: 3.932, Train Loss: 2.940e-02, Test Loss: 0.0000
Epoch: 164, time: 3.938, Train Loss: 2.937e-02, Test Loss: 0.0000
Epoch: 165, time: 3.907, Train Loss: 2.934e-02, Test Loss: 0.0000
Epoch: 166, time: 3.988, Train Loss: 2.931e-02, Test Loss: 0.0000
Epoch: 167, time: 3.875, Train Loss: 2.928e-02, Test Loss: 0.0000
Epoch: 168, time: 3.946, Train Loss: 2.925e-02, Test Loss: 0.0000
Epoch: 169, time: 3.949, Train Loss: 2.923e-02, Test Loss: 0.0000
Epoch: 170, time: 3.857, Train Loss: 2.920e-02, Test Loss: 0.0000
Epoch: 171, time: 3.932, Train Loss: 2.917e-02, Test Loss: 0.0000
Epoch: 172, time: 3.942, Train Loss: 2.914e-02, Test Loss: 0.0000
Epoch: 173, time: 3.873, Train Loss: 2.911e-02, Test Loss: 0.0000
Epoch: 174, time: 3.936, Train Loss: 2.909e-02, Test Loss: 0.0000
Epoch: 175, time: 3.866, Train Loss: 2.906e-02, Test Loss: 0.0000
Epoch: 176, time: 3.978, Train Loss: 2.903e-02, Test Loss: 0.0000
Epoch: 177, time: 3.939, Train Loss: 2.900e-02, Test Loss: 0.0000
Epoch: 178, time: 3.875, Train Loss: 2.897e-02, Test Loss: 0.0000
Epoch: 179, time: 3.930, Train Loss: 2.895e-02, Test Loss: 0.0000
Epoch: 180, time: 3.954, Train Loss: 2.892e-02, Test Loss: 0.0000
Epoch: 181, time: 3.884, Train Loss: 2.889e-02, Test Loss: 0.0000
Epoch: 182, time: 3.967, Train Loss: 2.887e-02, Test Loss: 0.0000
Epoch: 183, time: 3.962, Train Loss: 2.884e-02, Test Loss: 0.0000
Epoch: 184, time: 3.881, Train Loss: 2.881e-02, Test Loss: 0.0000
Epoch: 185, time: 3.939, Train Loss: 2.879e-02, Test Loss: 0.0000
Epoch: 186, time: 3.927, Train Loss: 2.876e-02, Test Loss: 0.0000
Epoch: 187, time: 4.013, Train Loss: 2.873e-02, Test Loss: 0.0000
Epoch: 188, time: 3.947, Train Loss: 2.871e-02, Test Loss: 0.0000
Epoch: 189, time: 3.876, Train Loss: 2.868e-02, Test Loss: 0.0000
Epoch: 190, time: 3.965, Train Loss: 2.865e-02, Test Loss: 0.0000
Epoch: 191, time: 3.946, Train Loss: 2.863e-02, Test Loss: 0.0000
Epoch: 192, time: 3.903, Train Loss: 2.860e-02, Test Loss: 0.0000
Epoch: 193, time: 3.970, Train Loss: 2.858e-02, Test Loss: 0.0000
Epoch: 194, time: 3.943, Train Loss: 2.855e-02, Test Loss: 0.0000
Epoch: 195, time: 3.938, Train Loss: 2.853e-02, Test Loss: 0.0000
Epoch: 196, time: 4.019, Train Loss: 2.850e-02, Test Loss: 0.0000
Epoch: 197, time: 3.857, Train Loss: 2.848e-02, Test Loss: 0.0000
Epoch: 198, time: 3.933, Train Loss: 2.845e-02, Test Loss: 0.0000
Epoch: 199, time: 3.940, Train Loss: 2.842e-02, Test Loss: 0.0000
Epoch: 200, time: 3.874, Train Loss: 2.840e-02, Test Loss: 0.0000
Epoch: 201, time: 3.952, Train Loss: 2.839e-02, Test Loss: 0.0000
Epoch: 202, time: 4.001, Train Loss: 2.837e-02, Test Loss: 0.0000
Epoch: 203, time: 3.919, Train Loss: 2.836e-02, Test Loss: 0.0000
Epoch: 204, time: 3.987, Train Loss: 2.835e-02, Test Loss: 0.0000
Epoch: 205, time: 3.906, Train Loss: 2.834e-02, Test Loss: 0.0000
Epoch: 206, time: 3.935, Train Loss: 2.833e-02, Test Loss: 0.0000
Epoch: 207, time: 3.955, Train Loss: 2.831e-02, Test Loss: 0.0000
Epoch: 208, time: 3.910, Train Loss: 2.830e-02, Test Loss: 0.0000
Epoch: 209, time: 3.935, Train Loss: 2.829e-02, Test Loss: 0.0000
Epoch: 210, time: 3.945, Train Loss: 2.828e-02, Test Loss: 0.0000
Epoch: 211, time: 3.884, Train Loss: 2.826e-02, Test Loss: 0.0000
Epoch: 212, time: 3.936, Train Loss: 2.825e-02, Test Loss: 0.0000
Epoch: 213, time: 3.840, Train Loss: 2.824e-02, Test Loss: 0.0000
Epoch: 214, time: 3.956, Train Loss: 2.823e-02, Test Loss: 0.0000
Epoch: 215, time: 3.942, Train Loss: 2.822e-02, Test Loss: 0.0000
Epoch: 216, time: 3.940, Train Loss: 2.820e-02, Test Loss: 0.0000
Epoch: 217, time: 3.920, Train Loss: 2.819e-02, Test Loss: 0.0000
Epoch: 218, time: 3.932, Train Loss: 2.818e-02, Test Loss: 0.0000
Epoch: 219, time: 3.831, Train Loss: 2.817e-02, Test Loss: 0.0000
Epoch: 220, time: 3.971, Train Loss: 2.816e-02, Test Loss: 0.0000
Epoch: 221, time: 3.974, Train Loss: 2.814e-02, Test Loss: 0.0000
Epoch: 222, time: 3.843, Train Loss: 2.813e-02, Test Loss: 0.0000
Epoch: 223, time: 3.942, Train Loss: 2.812e-02, Test Loss: 0.0000
Epoch: 224, time: 3.842, Train Loss: 2.811e-02, Test Loss: 0.0000
Epoch: 225, time: 3.901, Train Loss: 2.810e-02, Test Loss: 0.0000
Epoch: 226, time: 3.980, Train Loss: 2.808e-02, Test Loss: 0.0000
Epoch: 227, time: 3.847, Train Loss: 2.807e-02, Test Loss: 0.0000
Epoch: 228, time: 3.934, Train Loss: 2.806e-02, Test Loss: 0.0000
Epoch: 229, time: 3.921, Train Loss: 2.805e-02, Test Loss: 0.0000
Epoch: 230, time: 3.838, Train Loss: 2.804e-02, Test Loss: 0.0000
Epoch: 231, time: 3.966, Train Loss: 2.803e-02, Test Loss: 0.0000
Epoch: 232, time: 3.873, Train Loss: 2.801e-02, Test Loss: 0.0000
Epoch: 233, time: 3.968, Train Loss: 2.800e-02, Test Loss: 0.0000
Epoch: 234, time: 3.937, Train Loss: 2.799e-02, Test Loss: 0.0000
Epoch: 235, time: 3.851, Train Loss: 2.798e-02, Test Loss: 0.0000
Epoch: 236, time: 3.916, Train Loss: 2.797e-02, Test Loss: 0.0000
Epoch: 237, time: 3.920, Train Loss: 2.796e-02, Test Loss: 0.0000
Epoch: 238, time: 3.894, Train Loss: 2.794e-02, Test Loss: 0.0000
Epoch: 239, time: 3.948, Train Loss: 2.793e-02, Test Loss: 0.0000
Epoch: 240, time: 3.929, Train Loss: 2.792e-02, Test Loss: 0.0000
Epoch: 241, time: 3.890, Train Loss: 2.791e-02, Test Loss: 0.0000
Epoch: 242, time: 3.936, Train Loss: 2.790e-02, Test Loss: 0.0000
Epoch: 243, time: 3.844, Train Loss: 2.789e-02, Test Loss: 0.0000
Epoch: 244, time: 3.937, Train Loss: 2.788e-02, Test Loss: 0.0000
Epoch: 245, time: 3.925, Train Loss: 2.787e-02, Test Loss: 0.0000
Epoch: 246, time: 3.847, Train Loss: 2.785e-02, Test Loss: 0.0000
Epoch: 247, time: 3.907, Train Loss: 2.784e-02, Test Loss: 0.0000
Epoch: 248, time: 3.919, Train Loss: 2.783e-02, Test Loss: 0.0000
Epoch: 249, time: 3.859, Train Loss: 2.782e-02, Test Loss: 0.0000
Epoch: 250, time: 3.916, Train Loss: 2.781e-02, Test Loss: 0.0000
Epoch: 251, time: 3.900, Train Loss: 2.780e-02, Test Loss: 0.0000
Epoch: 252, time: 3.896, Train Loss: 2.780e-02, Test Loss: 0.0000
Epoch: 253, time: 3.908, Train Loss: 2.779e-02, Test Loss: 0.0000
Epoch: 254, time: 3.859, Train Loss: 2.779e-02, Test Loss: 0.0000
Epoch: 255, time: 3.963, Train Loss: 2.778e-02, Test Loss: 0.0000
Epoch: 256, time: 4.008, Train Loss: 2.778e-02, Test Loss: 0.0000
Epoch: 257, time: 3.897, Train Loss: 2.777e-02, Test Loss: 0.0000
Epoch: 258, time: 3.916, Train Loss: 2.776e-02, Test Loss: 0.0000
Epoch: 259, time: 3.919, Train Loss: 2.776e-02, Test Loss: 0.0000
Epoch: 260, time: 3.915, Train Loss: 2.775e-02, Test Loss: 0.0000
Epoch: 261, time: 3.954, Train Loss: 2.775e-02, Test Loss: 0.0000
Epoch: 262, time: 3.835, Train Loss: 2.774e-02, Test Loss: 0.0000
Epoch: 263, time: 3.899, Train Loss: 2.774e-02, Test Loss: 0.0000
Epoch: 264, time: 3.913, Train Loss: 2.773e-02, Test Loss: 0.0000
Epoch: 265, time: 3.886, Train Loss: 2.773e-02, Test Loss: 0.0000
Epoch: 266, time: 3.917, Train Loss: 2.772e-02, Test Loss: 0.0000
Epoch: 267, time: 3.921, Train Loss: 2.772e-02, Test Loss: 0.0000
Epoch: 268, time: 3.835, Train Loss: 2.771e-02, Test Loss: 0.0000
Epoch: 269, time: 3.963, Train Loss: 2.770e-02, Test Loss: 0.0000
Epoch: 270, time: 3.840, Train Loss: 2.770e-02, Test Loss: 0.0000
Epoch: 271, time: 3.980, Train Loss: 2.769e-02, Test Loss: 0.0000
Epoch: 272, time: 3.909, Train Loss: 2.769e-02, Test Loss: 0.0000
Epoch: 273, time: 3.847, Train Loss: 2.768e-02, Test Loss: 0.0000
Epoch: 274, time: 3.904, Train Loss: 2.768e-02, Test Loss: 0.0000
Epoch: 275, time: 3.919, Train Loss: 2.767e-02, Test Loss: 0.0000
Epoch: 276, time: 3.841, Train Loss: 2.767e-02, Test Loss: 0.0000
Epoch: 277, time: 3.905, Train Loss: 2.766e-02, Test Loss: 0.0000
Epoch: 278, time: 3.960, Train Loss: 2.765e-02, Test Loss: 0.0000
Epoch: 279, time: 3.826, Train Loss: 2.765e-02, Test Loss: 0.0000
Epoch: 280, time: 3.919, Train Loss: 2.764e-02, Test Loss: 0.0000
Epoch: 281, time: 3.852, Train Loss: 2.764e-02, Test Loss: 0.0000
Epoch: 282, time: 3.915, Train Loss: 2.763e-02, Test Loss: 0.0000
Epoch: 283, time: 3.904, Train Loss: 2.763e-02, Test Loss: 0.0000
Epoch: 284, time: 3.874, Train Loss: 2.762e-02, Test Loss: 0.0000
Epoch: 285, time: 3.915, Train Loss: 2.762e-02, Test Loss: 0.0000
Epoch: 286, time: 3.946, Train Loss: 2.761e-02, Test Loss: 0.0000
Epoch: 287, time: 3.847, Train Loss: 2.761e-02, Test Loss: 0.0000
Epoch: 288, time: 3.955, Train Loss: 2.760e-02, Test Loss: 0.0000
Epoch: 289, time: 3.890, Train Loss: 2.759e-02, Test Loss: 0.0000
Epoch: 290, time: 3.938, Train Loss: 2.759e-02, Test Loss: 0.0000
Epoch: 291, time: 3.986, Train Loss: 2.758e-02, Test Loss: 0.0000
Epoch: 292, time: 3.917, Train Loss: 2.758e-02, Test Loss: 0.0000
Epoch: 293, time: 3.949, Train Loss: 2.757e-02, Test Loss: 0.0000
Epoch: 294, time: 3.896, Train Loss: 2.757e-02, Test Loss: 0.0000
Epoch: 295, time: 3.846, Train Loss: 2.756e-02, Test Loss: 0.0000
Epoch: 296, time: 3.919, Train Loss: 2.756e-02, Test Loss: 0.0000
Epoch: 297, time: 3.933, Train Loss: 2.755e-02, Test Loss: 0.0000
Epoch: 298, time: 3.848, Train Loss: 2.755e-02, Test Loss: 0.0000
Epoch: 299, time: 3.975, Train Loss: 2.754e-02, Test Loss: 0.0000

=============================
Training done...
Training time: 1177.017
=============================


=============================
Testing error: 5.692e-03
=============================

